# JRE version: Java(TM) SE Runtime Environment (8.0_45-b15) (build 1.8.0_45-b15)
# Java VM: Java HotSpot(TM) 64-Bit Server VM (25.45-b02 mixed mode windows-amd64 compressed oops)
Heap:
 PSYoungGen      total 87040K, used 21862K [0x00000000eab00000, 0x00000000f0300000, 0x0000000100000000)
  eden space 83968K, 26% used [0x00000000eab00000,0x00000000ec059ba8,0x00000000efd00000)
  from space 3072K, 0% used [0x00000000f0000000,0x00000000f0000000,0x00000000f0300000)
  to   space 3072K, 0% used [0x00000000efd00000,0x00000000efd00000,0x00000000f0000000)
 ParOldGen       total 54784K, used 42780K [0x00000000c0000000, 0x00000000c3580000, 0x00000000eab00000)
  object space 54784K, 78% used [0x00000000c0000000,0x00000000c29c7100,0x00000000c3580000)
 Metaspace       used 6815K, capacity 7608K, committed 7936K, reserved 1056768K
  class space    used 635K, capacity 688K, committed 768K, reserved 1048576K
GC Heap History (8 events):
Event: 3.746 GC heap before
{Heap before GC invocations=1 (full 0):
 PSYoungGen      total 24064K, used 20992K [0x00000000eab00000, 0x00000000ec580000, 0x0000000100000000)
  eden space 20992K, 100% used [0x00000000eab00000,0x00000000ebf80000,0x00000000ebf80000)
  from space 3072K, 0% used [0x00000000ec280000,0x00000000ec280000,0x00000000ec580000)
  to   space 3072K, 0% used [0x00000000ebf80000,0x00000000ebf80000,0x00000000ec280000)
 ParOldGen       total 54784K, used 0K [0x00000000c0000000, 0x00000000c3580000, 0x00000000eab00000)
  object space 54784K, 0% used [0x00000000c0000000,0x00000000c0000000,0x00000000c3580000)
 Metaspace       used 5605K, capacity 6896K, committed 7040K, reserved 1056768K
  class space    used 550K, capacity 616K, committed 640K, reserved 1048576K
Event: 3.821 GC heap after
Heap after GC invocations=1 (full 0):
 PSYoungGen      total 24064K, used 3047K [0x00000000eab00000, 0x00000000eda00000, 0x0000000100000000)
  eden space 20992K, 0% used [0x00000000eab00000,0x00000000eab00000,0x00000000ebf80000)
  from space 3072K, 99% used [0x00000000ebf80000,0x00000000ec279ee8,0x00000000ec280000)
  to   space 3072K, 0% used [0x00000000ed700000,0x00000000ed700000,0x00000000eda00000)
 ParOldGen       total 54784K, used 1925K [0x00000000c0000000, 0x00000000c3580000, 0x00000000eab00000)
  object space 54784K, 3% used [0x00000000c0000000,0x00000000c01e1578,0x00000000c3580000)
 Metaspace       used 5605K, capacity 6896K, committed 7040K, reserved 1056768K
  class space    used 550K, capacity 616K, committed 640K, reserved 1048576K
}
Event: 6.757 GC heap before
{Heap before GC invocations=2 (full 0):
 PSYoungGen      total 24064K, used 24039K [0x00000000eab00000, 0x00000000eda00000, 0x0000000100000000)
  eden space 20992K, 100% used [0x00000000eab00000,0x00000000ebf80000,0x00000000ebf80000)
  from space 3072K, 99% used [0x00000000ebf80000,0x00000000ec279ee8,0x00000000ec280000)
  to   space 3072K, 0% used [0x00000000ed700000,0x00000000ed700000,0x00000000eda00000)
 ParOldGen       total 54784K, used 1925K [0x00000000c0000000, 0x00000000c3580000, 0x00000000eab00000)
  object space 54784K, 3% used [0x00000000c0000000,0x00000000c01e1578,0x00000000c3580000)
 Metaspace       used 5735K, capacity 6960K, committed 7040K, reserved 1056768K
  class space    used 552K, capacity 616K, committed 640K, reserved 1048576K
Event: 7.286 GC heap after
Heap after GC invocations=2 (full 0):
 PSYoungGen      total 45056K, used 3043K [0x00000000eab00000, 0x00000000eda00000, 0x0000000100000000)
  eden space 41984K, 0% used [0x00000000eab00000,0x00000000eab00000,0x00000000ed400000)
  from space 3072K, 99% used [0x00000000ed700000,0x00000000ed9f8f48,0x00000000eda00000)
  to   space 3072K, 0% used [0x00000000ed400000,0x00000000ed400000,0x00000000ed700000)
 ParOldGen       total 54784K, used 4984K [0x00000000c0000000, 0x00000000c3580000, 0x00000000eab00000)
  object space 54784K, 9% used [0x00000000c0000000,0x00000000c04de088,0x00000000c3580000)
 Metaspace       used 5735K, capacity 6960K, committed 7040K, reserved 1056768K
  class space    used 552K, capacity 616K, committed 640K, reserved 1048576K
}
Event: 13.062 GC heap before
{Heap before GC invocations=3 (full 0):
 PSYoungGen      total 45056K, used 45027K [0x00000000eab00000, 0x00000000eda00000, 0x0000000100000000)
  eden space 41984K, 100% used [0x00000000eab00000,0x00000000ed400000,0x00000000ed400000)
  from space 3072K, 99% used [0x00000000ed700000,0x00000000ed9f8f48,0x00000000eda00000)
  to   space 3072K, 0% used [0x00000000ed400000,0x00000000ed400000,0x00000000ed700000)
 ParOldGen       total 54784K, used 4984K [0x00000000c0000000, 0x00000000c3580000, 0x00000000eab00000)
  object space 54784K, 9% used [0x00000000c0000000,0x00000000c04de088,0x00000000c3580000)
 Metaspace       used 5841K, capacity 7088K, committed 7296K, reserved 1056768K
  class space    used 556K, capacity 616K, committed 640K, reserved 1048576K
Event: 13.443 GC heap after
Heap after GC invocations=3 (full 0):
 PSYoungGen      total 45056K, used 3040K [0x00000000eab00000, 0x00000000f0300000, 0x0000000100000000)
  eden space 41984K, 0% used [0x00000000eab00000,0x00000000eab00000,0x00000000ed400000)
  from space 3072K, 98% used [0x00000000ed400000,0x00000000ed6f8108,0x00000000ed700000)
  to   space 3072K, 0% used [0x00000000f0000000,0x00000000f0000000,0x00000000f0300000)
 ParOldGen       total 54784K, used 11697K [0x00000000c0000000, 0x00000000c3580000, 0x00000000eab00000)
  object space 54784K, 21% used [0x00000000c0000000,0x00000000c0b6c5c8,0x00000000c3580000)
 Metaspace       used 5841K, capacity 7088K, committed 7296K, reserved 1056768K
  class space    used 556K, capacity 616K, committed 640K, reserved 1048576K
}
Event: 17.153 GC heap before
{Heap before GC invocations=4 (full 0):
 PSYoungGen      total 45056K, used 45024K [0x00000000eab00000, 0x00000000f0300000, 0x0000000100000000)
  eden space 41984K, 100% used [0x00000000eab00000,0x00000000ed400000,0x00000000ed400000)
  from space 3072K, 98% used [0x00000000ed400000,0x00000000ed6f8108,0x00000000ed700000)
  to   space 3072K, 0% used [0x00000000f0000000,0x00000000f0000000,0x00000000f0300000)
 ParOldGen       total 54784K, used 11697K [0x00000000c0000000, 0x00000000c3580000, 0x00000000eab00000)
  object space 54784K, 21% used [0x00000000c0000000,0x00000000c0b6c5c8,0x00000000c3580000)
 Metaspace       used 5967K, capacity 7088K, committed 7296K, reserved 1056768K
  class space    used 576K, capacity 616K, committed 640K, reserved 1048576K
Event: 17.187 GC heap after
Heap after GC invocations=4 (full 0):
 PSYoungGen      total 87040K, used 3070K [0x00000000eab00000, 0x00000000f0300000, 0x0000000100000000)
  eden space 83968K, 0% used [0x00000000eab00000,0x00000000eab00000,0x00000000efd00000)
  from space 3072K, 99% used [0x00000000f0000000,0x00000000f02ff950,0x00000000f0300000)
  to   space 3072K, 0% used [0x00000000efd00000,0x00000000efd00000,0x00000000f0000000)
 ParOldGen       total 54784K, used 18239K [0x00000000c0000000, 0x00000000c3580000, 0x00000000eab00000)
  object space 54784K, 33% used [0x00000000c0000000,0x00000000c11cfed8,0x00000000c3580000)
 Metaspace       used 5967K, capacity 7088K, committed 7296K, reserved 1056768K
  class space    used 576K, capacity 616K, committed 640K, reserved 1048576K
}

